c:\users\adood\cpt_s 122 vs source\labs\mathhammer_v1\mathhammer_v1\x64\debug\vc143.pdb
c:\users\adood\cpt_s 122 vs source\labs\mathhammer_v1\mathhammer_v1\x64\debug\vc143.idb
c:\users\adood\cpt_s 122 vs source\labs\mathhammer_v1\mathhammer_v1\x64\debug\mathhammer.obj
c:\users\adood\cpt_s 122 vs source\labs\mathhammer_v1\mathhammer_v1\x64\debug\wargear.obj
c:\users\adood\cpt_s 122 vs source\labs\mathhammer_v1\mathhammer_v1\x64\debug\wargearmanager.obj
c:\users\adood\cpt_s 122 vs source\labs\mathhammer_v1\mathhammer_v1\x64\debug\unitmanager.obj
c:\users\adood\cpt_s 122 vs source\labs\mathhammer_v1\mathhammer_v1\x64\debug\unit.obj
c:\users\adood\cpt_s 122 vs source\labs\mathhammer_v1\mathhammer_v1\x64\debug\main.obj
c:\users\adood\cpt_s 122 vs source\labs\mathhammer_v1\x64\debug\mathhammer_v1.pdb
c:\users\adood\cpt_s 122 vs source\labs\mathhammer_v1\mathhammer_v1\x64\debug\mathhammer_v1.tlog\cl.command.1.tlog
c:\users\adood\cpt_s 122 vs source\labs\mathhammer_v1\mathhammer_v1\x64\debug\mathhammer_v1.tlog\cl.items.tlog
c:\users\adood\cpt_s 122 vs source\labs\mathhammer_v1\mathhammer_v1\x64\debug\mathhammer_v1.tlog\cl.read.1.tlog
c:\users\adood\cpt_s 122 vs source\labs\mathhammer_v1\mathhammer_v1\x64\debug\mathhammer_v1.tlog\cl.write.1.tlog
c:\users\adood\cpt_s 122 vs source\labs\mathhammer_v1\mathhammer_v1\x64\debug\mathhammer_v1.tlog\link-cvtres.read.1.tlog
c:\users\adood\cpt_s 122 vs source\labs\mathhammer_v1\mathhammer_v1\x64\debug\mathhammer_v1.tlog\link-cvtres.write.1.tlog
c:\users\adood\cpt_s 122 vs source\labs\mathhammer_v1\mathhammer_v1\x64\debug\mathhammer_v1.tlog\link-rc.read.1.tlog
c:\users\adood\cpt_s 122 vs source\labs\mathhammer_v1\mathhammer_v1\x64\debug\mathhammer_v1.tlog\link-rc.write.1.tlog
c:\users\adood\cpt_s 122 vs source\labs\mathhammer_v1\mathhammer_v1\x64\debug\mathhammer_v1.tlog\link.21960-cvtres.read.1.tlog
c:\users\adood\cpt_s 122 vs source\labs\mathhammer_v1\mathhammer_v1\x64\debug\mathhammer_v1.tlog\link.21960-cvtres.write.1.tlog
c:\users\adood\cpt_s 122 vs source\labs\mathhammer_v1\mathhammer_v1\x64\debug\mathhammer_v1.tlog\link.21960-rc.read.1.tlog
c:\users\adood\cpt_s 122 vs source\labs\mathhammer_v1\mathhammer_v1\x64\debug\mathhammer_v1.tlog\link.21960-rc.write.1.tlog
c:\users\adood\cpt_s 122 vs source\labs\mathhammer_v1\mathhammer_v1\x64\debug\mathhammer_v1.tlog\link.21960.read.1.tlog
c:\users\adood\cpt_s 122 vs source\labs\mathhammer_v1\mathhammer_v1\x64\debug\mathhammer_v1.tlog\link.21960.read.2.tlog
c:\users\adood\cpt_s 122 vs source\labs\mathhammer_v1\mathhammer_v1\x64\debug\mathhammer_v1.tlog\link.21960.read.3.tlog
c:\users\adood\cpt_s 122 vs source\labs\mathhammer_v1\mathhammer_v1\x64\debug\mathhammer_v1.tlog\link.21960.read.4.tlog
c:\users\adood\cpt_s 122 vs source\labs\mathhammer_v1\mathhammer_v1\x64\debug\mathhammer_v1.tlog\link.21960.write.1.tlog
c:\users\adood\cpt_s 122 vs source\labs\mathhammer_v1\mathhammer_v1\x64\debug\mathhammer_v1.tlog\link.command.1.tlog
c:\users\adood\cpt_s 122 vs source\labs\mathhammer_v1\mathhammer_v1\x64\debug\mathhammer_v1.tlog\link.read.1.tlog
c:\users\adood\cpt_s 122 vs source\labs\mathhammer_v1\mathhammer_v1\x64\debug\mathhammer_v1.tlog\link.read.2.tlog
c:\users\adood\cpt_s 122 vs source\labs\mathhammer_v1\mathhammer_v1\x64\debug\mathhammer_v1.tlog\link.read.3.tlog
c:\users\adood\cpt_s 122 vs source\labs\mathhammer_v1\mathhammer_v1\x64\debug\mathhammer_v1.tlog\link.read.4.tlog
c:\users\adood\cpt_s 122 vs source\labs\mathhammer_v1\mathhammer_v1\x64\debug\mathhammer_v1.tlog\link.read.5.tlog
c:\users\adood\cpt_s 122 vs source\labs\mathhammer_v1\mathhammer_v1\x64\debug\mathhammer_v1.tlog\link.write.1.tlog
